------------------------------------------------------------
/usr/bin/pip3 run on Sun Apr 22 11:27:19 2018
Downloading/unpacking flask-tables
  Getting page https://pypi.python.org/simple/flask_tables/
  Could not fetch URL https://pypi.python.org/simple/flask_tables/: 404 Client Error: Not Found
  Will skip URL https://pypi.python.org/simple/flask_tables/ when looking for download links for flask-tables
  Getting page https://pypi.python.org/simple/
  URLs to search for versions for flask-tables:
  * https://pypi.python.org/simple/flask_tables/
  Getting page https://pypi.python.org/simple/flask_tables/
  Could not fetch URL https://pypi.python.org/simple/flask_tables/: 404 Client Error: Not Found
  Will skip URL https://pypi.python.org/simple/flask_tables/ when looking for download links for flask-tables
  Could not find any downloads that satisfy the requirement flask-tables
Cleaning up...
  Removing temporary dir /tmp/pip_build_root...
No distributions at all found for flask-tables
Exception information:
Traceback (most recent call last):
  File "/usr/lib/python3/dist-packages/pip/basecommand.py", line 122, in main
    status = self.run(options, args)
  File "/usr/lib/python3/dist-packages/pip/commands/install.py", line 278, in run
    requirement_set.prepare_files(finder, force_root_egg_info=self.bundle, bundle=self.bundle)
  File "/usr/lib/python3/dist-packages/pip/req.py", line 1178, in prepare_files
    url = finder.find_requirement(req_to_install, upgrade=self.upgrade)
  File "/usr/lib/python3/dist-packages/pip/index.py", line 277, in find_requirement
    raise DistributionNotFound('No distributions at all found for %s' % req)
pip.exceptions.DistributionNotFound: No distributions at all found for flask-tables
